Using pre-set license
Built from '2020.3/staging' branch; Version is '2020.3.3f1 (76626098c1c4) revision 7758432'; Using compiler version '192528614'; Build Type 'Release'
OS: 'Windows 10 Pro; OS build 19042.1165; Version 2009; 64bit' Language: 'ko' Physical Memory: 16274 MB
BatchMode: 1, IsHumanControllingUs: 0, StartBugReporterOnCrash: 0, Is64bit: 1, IsPro: 0

 COMMAND LINE ARGUMENTS:
C:\Program Files\2020.3.3f1\Editor\Unity.exe
-adb2
-batchMode
-noUpm
-name
AssetImportWorker0
-projectPath
C:/Users/user/GwaJae/KhwaJae
-logFile
Logs/AssetImportWorker0.log
-srvPort
49773
Successfully changed project path to: C:/Users/user/GwaJae/KhwaJae
C:/Users/user/GwaJae/KhwaJae
Using Asset Import Pipeline V2.
Refreshing native plugins compatible for Editor in 38.97 ms, found 1 plugins.
Preloading 0 native plugins for Editor in 0.00 ms.
Initialize engine version: 2020.3.3f1 (76626098c1c4)
[Subsystems] Discovering subsystems at path C:/Program Files/2020.3.3f1/Editor/Data/Resources/UnitySubsystems
[Subsystems] Discovering subsystems at path C:/Users/user/GwaJae/KhwaJae/Assets
GfxDevice: creating device client; threaded=0
Direct3D:
    Version:  Direct3D 11.0 [level 11.1]
    Renderer: Intel(R) UHD Graphics 630 (ID=0x3e9b)
    Vendor:   
    VRAM:     8137 MB
    Driver:   26.20.100.7324
Initialize mono
Mono path[0] = 'C:/Program Files/2020.3.3f1/Editor/Data/Managed'
Mono path[1] = 'C:/Program Files/2020.3.3f1/Editor/Data/MonoBleedingEdge/lib/mono/unityjit'
Mono config path = 'C:/Program Files/2020.3.3f1/Editor/Data/MonoBleedingEdge/etc'
Using monoOptions --debugger-agent=transport=dt_socket,embedding=1,server=y,suspend=n,address=127.0.0.1:56464
Begin MonoManager ReloadAssembly
Registering precompiled unity dll's ...
Register platform support module: C:/Program Files/2020.3.3f1/Editor/Data/PlaybackEngines/WindowsStandaloneSupport/UnityEditor.WindowsStandalone.Extensions.dll
Registered in 0.006953 seconds.
Native extension for WindowsStandalone target not found
Refreshing native plugins compatible for Editor in 34.55 ms, found 1 plugins.
Preloading 0 native plugins for Editor in 0.00 ms.
Invoked RoslynAnalysisRunner static constructor.
RoslynAnalysisRunner will not be running.
RoslynAnalysisRunner has terminated.
Mono: successfully reloaded assembly
- Completed reload, in  1.228 seconds
Platform modules already initialized, skipping
Registering precompiled user dll's ...
Registered in 0.002185 seconds.
Begin MonoManager ReloadAssembly
Native extension for WindowsStandalone target not found
Refreshing native plugins compatible for Editor in 36.07 ms, found 1 plugins.
Preloading 0 native plugins for Editor in 0.00 ms.
Invoked RoslynAnalysisRunner static constructor.
RoslynAnalysisRunner will not be running.
RoslynAnalysisRunner has terminated.
Mono: successfully reloaded assembly
- Completed reload, in  1.088 seconds
Platform modules already initialized, skipping
========================================================================
Worker process is ready to serve import requests
Launched and connected shader compiler UnityShaderCompiler.exe after 0.08 seconds
Refreshing native plugins compatible for Editor in 0.29 ms, found 1 plugins.
Preloading 0 native plugins for Editor in 0.00 ms.
Unloading 1808 Unused Serialized files (Serialized files now loaded: 0)
System memory in use before: 87.3 MB.
System memory in use after: 87.4 MB.

Unloading 19 unused Assets to reduce memory usage. Loaded Objects now: 2255.
Total: 2.379900 ms (FindLiveObjects: 0.165200 ms CreateObjectMapping: 0.048300 ms MarkObjects: 2.069600 ms  DeleteObjects: 0.095800 ms)

========================================================================
Received Import Request.
  path: Assets/Scenes
  artifactKey: Guid(1ed65ba73c6d5c8439d4bece011c87cc) Importer(815301076,1909f56bfc062723c751e8b465ee728b)
Start importing Assets/Scenes using Guid(1ed65ba73c6d5c8439d4bece011c87cc) Importer(815301076,1909f56bfc062723c751e8b465ee728b)  -> (artifact id: '6dcaf341d64cd8794419e498c873dcbb') in 0.005566 seconds
  Import took 0.008552 seconds .

========================================================================
Received Import Request.
  Time since last request: 56.794108 seconds.
  path: Assets/Scenes/Demo_Choi.unity
  artifactKey: Guid(20a26133f762c17468bf072e46768e25) Importer(815301076,1909f56bfc062723c751e8b465ee728b)
Start importing Assets/Scenes/Demo_Choi.unity using Guid(20a26133f762c17468bf072e46768e25) Importer(815301076,1909f56bfc062723c751e8b465ee728b)  -> (artifact id: 'ac4ab9c5d3bb16f77709b54081911e47') in 0.010289 seconds
  Import took 0.013560 seconds .

========================================================================
Received Import Request.
  Time since last request: 0.001072 seconds.
  path: Assets/Scenes/Demo_Choi.unity
  artifactKey: Guid(20a26133f762c17468bf072e46768e25) Importer(815301076,1909f56bfc062723c751e8b465ee728b)
Start importing Assets/Scenes/Demo_Choi.unity using Guid(20a26133f762c17468bf072e46768e25) Importer(815301076,1909f56bfc062723c751e8b465ee728b)  -> (artifact id: 'ac4ab9c5d3bb16f77709b54081911e47') in 0.003700 seconds
  Import took 0.007655 seconds .

========================================================================
Received Import Request.
  Time since last request: 77.778274 seconds.
  path: Assets/Prefab/AnPrefab.prefab
  artifactKey: Guid(ef82b8af5374ecf408cdfd494c1903f0) Importer(815301076,1909f56bfc062723c751e8b465ee728b)
Start importing Assets/Prefab/AnPrefab.prefab using Guid(ef82b8af5374ecf408cdfd494c1903f0) Importer(815301076,1909f56bfc062723c751e8b465ee728b)  -> (artifact id: '950a9b96e3ad2e44a70476cbd5f70985') in 0.085254 seconds
  Import took 0.089640 seconds .

========================================================================
Received Import Request.
  Time since last request: 0.000393 seconds.
  path: Assets/Prefab/Choi_Prefab.prefab
  artifactKey: Guid(e396c42390b8a344393819448a795826) Importer(815301076,1909f56bfc062723c751e8b465ee728b)
Start importing Assets/Prefab/Choi_Prefab.prefab using Guid(e396c42390b8a344393819448a795826) Importer(815301076,1909f56bfc062723c751e8b465ee728b)  -> (artifact id: 'ada7be180cd92bcd569f34fd5455bb72') in 0.007767 seconds
  Import took 0.010763 seconds .

========================================================================
Received Import Request.
  Time since last request: 15.893185 seconds.
  path: Assets/Prefab/An_Prefab.prefab
  artifactKey: Guid(ef82b8af5374ecf408cdfd494c1903f0) Importer(815301076,1909f56bfc062723c751e8b465ee728b)
Start importing Assets/Prefab/An_Prefab.prefab using Guid(ef82b8af5374ecf408cdfd494c1903f0) Importer(815301076,1909f56bfc062723c751e8b465ee728b)  -> (artifact id: 'e12f57edbd876789935436a5f865f876') in 0.006981 seconds
  Import took 0.010627 seconds .

========================================================================
Received Import Request.
  Time since last request: 28.196780 seconds.
  path: Assets/Prefab
  artifactKey: Guid(7c91f399d4105f447a177a5a5df5c12a) Importer(815301076,1909f56bfc062723c751e8b465ee728b)
Start importing Assets/Prefab using Guid(7c91f399d4105f447a177a5a5df5c12a) Importer(815301076,1909f56bfc062723c751e8b465ee728b)  -> (artifact id: '649e16caafdd7a085a5bf31b5c645985') in 0.004090 seconds
  Import took 0.007391 seconds .

AssetImportWorkerClient::OnTransportError - code=2 error=End of file
